<?xml version="1.0" encoding="UTF-8"?>
<testsuite name="com.juntas.juntas_app.ExampleUnitTest" tests="1" skipped="0" failures="0" errors="0" timestamp="2023-05-05T14:16:32" hostname="PYAR" time="0.002">
  <properties/>
  <testcase name="addition_isCorrect" classname="com.juntas.juntas_app.ExampleUnitTest" time="0.002"/>
  <system-out><![CDATA[]]></system-out>
  <system-err><![CDATA[]]></system-err>
</testsuite>
